2025-11-27 07:55:24,303 : INFO : root : Loading config.
2025-11-27 07:55:24,304 : INFO : YamlMultifileConfigLoader : Machine config file #1: config.yaml
2025-11-27 07:55:24,304 : INFO : ConfigProcessor : Loading config from cache: /var/folders/k0/j_dpx55x4kndbs36pl2nt9l00000gn/T/92f7f295141fbdde09e201e7fd0f1349.mpf_cache
2025-11-27 07:55:24,326 : INFO : ConfigProcessor : Loading config from cache: /var/folders/k0/j_dpx55x4kndbs36pl2nt9l00000gn/T/7b77bdcd1da4c54cc720d492bab55a0d.mpf_cache
2025-11-27 07:55:24,326 : INFO : ConfigProcessor : Loading config from cache: /var/folders/k0/j_dpx55x4kndbs36pl2nt9l00000gn/T/501e18c1625d42f1ba9bf53b020c49c5.mpf_cache
2025-11-27 07:55:24,327 : INFO : ConfigProcessor : Loading config from cache: /var/folders/k0/j_dpx55x4kndbs36pl2nt9l00000gn/T/7b77bdcd1da4c54cc720d492bab55a0d.mpf_cache
2025-11-27 07:55:24,327 : INFO : ConfigProcessor : Loading config from cache: /var/folders/k0/j_dpx55x4kndbs36pl2nt9l00000gn/T/dda6f4da00898f9f0a4796a41d9a2ef0.mpf_cache
2025-11-27 07:55:24,327 : INFO : ConfigProcessor : Loading config from cache: /var/folders/k0/j_dpx55x4kndbs36pl2nt9l00000gn/T/522fc819f659907ecbd91e12554f307a.mpf_cache
2025-11-27 07:55:24,328 : INFO : ConfigProcessor : Loading config from cache: /var/folders/k0/j_dpx55x4kndbs36pl2nt9l00000gn/T/05e9cee2d62266bbcd3eb3df28f11ba0.mpf_cache
2025-11-27 07:55:24,328 : INFO : ConfigProcessor : Loading config from cache: /var/folders/k0/j_dpx55x4kndbs36pl2nt9l00000gn/T/a751b7622f38b4d73d2da25b66d734b1.mpf_cache
2025-11-27 07:55:24,328 : INFO : ConfigProcessor : Loading config from cache: /var/folders/k0/j_dpx55x4kndbs36pl2nt9l00000gn/T/515d12d22bfc89771946156b9f4733e7.mpf_cache
2025-11-27 07:55:24,328 : INFO : ConfigProcessor : Loading config from cache: /var/folders/k0/j_dpx55x4kndbs36pl2nt9l00000gn/T/3db5df4db04e3e0d951f803bb6fa84e6.mpf_cache
2025-11-27 07:55:24,329 : INFO : ConfigProcessor : Loading config from cache: /var/folders/k0/j_dpx55x4kndbs36pl2nt9l00000gn/T/3572cafb19834c572118c1dfbec55588.mpf_cache
2025-11-27 07:55:24,329 : INFO : ConfigProcessor : Loading config from cache: /var/folders/k0/j_dpx55x4kndbs36pl2nt9l00000gn/T/39b20d9bce0c2f44f75a85f57a0d45f4.mpf_cache
2025-11-27 07:55:24,329 : INFO : ConfigProcessor : Loading config from cache: /var/folders/k0/j_dpx55x4kndbs36pl2nt9l00000gn/T/189edcb2679eb1788c8ca3be3e29f2f1.mpf_cache
2025-11-27 07:55:24,329 : INFO : ConfigProcessor : Loading config from cache: /var/folders/k0/j_dpx55x4kndbs36pl2nt9l00000gn/T/f00019ffccce993d2850c9d82b9dc44e.mpf_cache
2025-11-27 07:55:24,329 : INFO : ConfigProcessor : Loading config from cache: /var/folders/k0/j_dpx55x4kndbs36pl2nt9l00000gn/T/14560612c17bb039b05632d29f192033.mpf_cache
2025-11-27 07:55:24,329 : INFO : ConfigProcessor : Loading config from cache: /var/folders/k0/j_dpx55x4kndbs36pl2nt9l00000gn/T/1b88d79160cc8850354d058f9a270569.mpf_cache
2025-11-27 07:55:24,330 : INFO : ConfigProcessor : Loading config from cache: /var/folders/k0/j_dpx55x4kndbs36pl2nt9l00000gn/T/db143814423fb474166c86cac053d40c.mpf_cache
2025-11-27 07:55:24,330 : INFO : ConfigProcessor : Loading config from cache: /var/folders/k0/j_dpx55x4kndbs36pl2nt9l00000gn/T/77ecd758607ea296c19f456a8642983d.mpf_cache
2025-11-27 07:55:24,330 : INFO : ConfigProcessor : Loading config from cache: /var/folders/k0/j_dpx55x4kndbs36pl2nt9l00000gn/T/7c3641fae2b7003d26f031771405f733.mpf_cache
2025-11-27 07:55:24,330 : INFO : Machine : Mission Pinball Framework Core Engine v0.80.0.dev11
2025-11-27 07:55:24,330 : INFO : Machine : Command line arguments: {'no_load_cache': False, 'create_config_cache': True, 'bcp': True, 'configfile': ['config.yaml'], 'force_assets_load': False, 'platform_integration_test': False, 'jsonlogging': False, 'logfile': 'logs/2025-11-27-07-55-24-mpf-Mac.lan.log', 'pause': False, 'production': False, 'text_ui': True, 'loglevel': 15, 'consoleloglevel': 20, 'force_platform': 'smart_virtual', 'syslog_address': None, 'full_logfile_path': '/Users/samhughes/Desktop/Hollow-Knight-Pinball/logs/2025-11-27-07-55-24-mpf-Mac.lan.log'}
2025-11-27 07:55:24,330 : INFO : Machine : MPF path: /Users/samhughes/mpf/lib/python3.13/site-packages/mpf
2025-11-27 07:55:24,330 : INFO : Machine : Machine path: /Users/samhughes/Desktop/Hollow-Knight-Pinball
2025-11-27 07:55:24,330 : INFO : Machine : Platform: darwin
2025-11-27 07:55:24,330 : INFO : Machine : Python executable location: /Users/samhughes/mpf/bin/python3.13
2025-11-27 07:55:24,330 : INFO : Machine : Python version: 3.13.2 (64-bit)
2025-11-27 07:55:24,330 : INFO : Machine : Initializing MPF...
2025-11-27 07:55:24,356 : INFO : EventManager : Event: ======'machine_var_credits_string'====== Args={'value': 'FREE PLAY', 'prev_value': None, 'change': True}
2025-11-27 07:55:24,361 : INFO : EventManager : Event: ======'machine_var_master_volume'====== Args={'value': 0.5, 'prev_value': None, 'change': True}
2025-11-27 07:55:24,361 : INFO : EventManager : Event: ======'machine_var_player1_score'====== Args={'value': 81940, 'prev_value': None, 'change': True}
2025-11-27 07:55:24,361 : INFO : EventManager : Event: ======'machine_var_mpf_version'====== Args={'value': 'Mission Pinball Framework v0.80.0.dev11', 'prev_value': None, 'change': True}
2025-11-27 07:55:24,361 : INFO : EventManager : Event: ======'machine_var_mpf_extended_version'====== Args={'value': 'Mission Pinball Framework v0.80.0.dev11, Config version:6, Show version: 6, BCP version:1.1', 'prev_value': None, 'change': True}
2025-11-27 07:55:24,361 : INFO : EventManager : Event: ======'machine_var_python_version'====== Args={'value': '3.13.2', 'prev_value': None, 'change': True}
2025-11-27 07:55:24,367 : INFO : EventManager : Event: ======'machine_var_platform'====== Args={'value': 'macOS-15.6.1-arm64-arm-64bit-Mach-O', 'prev_value': None, 'change': True}
2025-11-27 07:55:24,368 : INFO : EventManager : Event: ======'machine_var_platform_system'====== Args={'value': 'Darwin', 'prev_value': None, 'change': True}
2025-11-27 07:55:24,368 : INFO : EventManager : Event: ======'machine_var_platform_release'====== Args={'value': '24.6.0', 'prev_value': None, 'change': True}
2025-11-27 07:55:24,368 : INFO : EventManager : Event: ======'machine_var_platform_version'====== Args={'value': 'Darwin Kernel Version 24.6.0: Mon Jul 14 11:29:54 PDT 2025; root:xnu-11417.140.69~1/RELEASE_ARM64_T8122', 'prev_value': None, 'change': True}
2025-11-27 07:55:24,368 : INFO : EventManager : Event: ======'machine_var_platform_machine'====== Args={'value': 'arm64', 'prev_value': None, 'change': True}
2025-11-27 07:55:24,368 : INFO : EventManager : Event: ======'machine_var_log_file_path'====== Args={'value': '/Users/samhughes/Desktop/Hollow-Knight-Pinball/logs/2025-11-27-07-55-24-mpf-Mac.lan.log', 'prev_value': None, 'change': True}
2025-11-27 07:55:24,368 : INFO : EventManager : Event: ======'init_phase_1'====== Args={}
2025-11-27 07:55:24,374 : INFO : EventManager : Event: ======'init_phase_2'====== Args={}
2025-11-27 07:55:24,374 : INFO : SwitchController : Found active switch: (1002, <Platform.SmartVirtual>) <switch.s_trough_1>
2025-11-27 07:55:24,374 : INFO : SwitchController : Found active switch: (1003, <Platform.SmartVirtual>) <switch.s_trough_2>
2025-11-27 07:55:24,374 : INFO : SwitchController : Found active switch: (1004, <Platform.SmartVirtual>) <switch.s_trough_3>
2025-11-27 07:55:24,376 : INFO : EventManager : Event: ======'bcp_connection_attempt'====== Args={'name': 'local_display', 'host': 'localhost', 'port': 5050}
2025-11-27 07:55:24,377 : INFO : BCPClientSocket : Connecting BCP to 'local_display' at localhost:5050...
2025-11-27 07:55:24,379 : INFO : BCPClientSocket : Connected BCP to 'local_display' localhost:5050
2025-11-27 07:55:24,379 : INFO : EventManager : Event: ======'bcp_clients_connected'====== Args={}
2025-11-27 07:55:24,380 : INFO : ball_device.bd_trough : BCH: Initial count: 3
2025-11-27 07:55:24,380 : INFO : ball_device.bd_trough : State: idle
2025-11-27 07:55:24,380 : INFO : ball_device.bd_plunger : BCH: Initial count: 0
2025-11-27 07:55:24,380 : INFO : ball_device.bd_plunger : State: idle
2025-11-27 07:55:24,385 : INFO : EventManager : Event: ======'init_phase_3'====== Args={}
2025-11-27 07:55:24,385 : INFO : EventManager : Event: ======'init_phase_4'====== Args={}
2025-11-27 07:55:24,386 : INFO : BallController : Initial balls found: 3
2025-11-27 07:55:24,387 : ERROR : asyncio : Task exception was never retrieved
future: <Task finished name='Task-83' coro=<BcpServer.start() done, defined at /Users/samhughes/mpf/lib/python3.13/site-packages/mpf/core/bcp/bcp_server.py:23> exception=MpfRuntimeError('Failed to bind BCP Socket to 127.0.0.1 on port 5051. Is there another application running on that port?')>
Traceback (most recent call last):
  File "/Users/samhughes/mpf/lib/python3.13/site-packages/mpf/core/bcp/bcp_server.py", line 26, in start
    self._server = await self.machine.clock.start_server(
                   ^^^^^^^^^^^^^^^^^^^^^^^^^^^^^^^^^^^^^^
        self._accept_client, self._ip, self._port)
        ^^^^^^^^^^^^^^^^^^^^^^^^^^^^^^^^^^^^^^^^^^
  File "/Library/Frameworks/Python.framework/Versions/3.13/lib/python3.13/asyncio/streams.py", line 84, in start_server
    return await loop.create_server(factory, host, port, **kwds)
           ^^^^^^^^^^^^^^^^^^^^^^^^^^^^^^^^^^^^^^^^^^^^^^^^^^^^^
  File "/Library/Frameworks/Python.framework/Versions/3.13/lib/python3.13/asyncio/base_events.py", line 1622, in create_server
    raise OSError(err.errno, msg) from None
OSError: [Errno 48] error while attempting to bind on address ('127.0.0.1', 5051): [errno 48] address already in use

The above exception was the direct cause of the following exception:

Traceback (most recent call last):
  File "/Users/samhughes/mpf/lib/python3.13/site-packages/mpf/core/bcp/bcp_server.py", line 29, in start
    raise MpfRuntimeError("Failed to bind BCP Socket to {} on port {}. "
                          "Is there another application running on that port?".format(self._ip, self._port), 1,
                          "MPF BCP Server") from e
mpf.exceptions.runtime_error.MpfRuntimeError: Runtime Error in MPF BCP Server: Failed to bind BCP Socket to 127.0.0.1 on port 5051. Is there another application running on that port? Error Code: RE-MPF_BCP_Server-1 (https://missionpinball.org/logs)
2025-11-27 07:55:24,388 : INFO : EventManager : Event: ======'machine_var_audits_events_game_ended'====== Args={'value': 6, 'prev_value': None, 'change': True}
2025-11-27 07:55:24,388 : INFO : EventManager : Event: ======'machine_var_audits_events_game_started'====== Args={'value': 84, 'prev_value': None, 'change': True}
2025-11-27 07:55:24,388 : INFO : EventManager : Event: ======'machine_var_audits_missing_switches_s_back_left_target'====== Args={'value': 46, 'prev_value': None, 'change': True}
2025-11-27 07:55:24,388 : INFO : EventManager : Event: ======'machine_var_audits_missing_switches_s_back_middle_left_target'====== Args={'value': 46, 'prev_value': None, 'change': True}
2025-11-27 07:55:24,388 : INFO : EventManager : Event: ======'machine_var_audits_missing_switches_s_back_middle_right_target'====== Args={'value': 45, 'prev_value': None, 'change': True}
2025-11-27 07:55:24,388 : INFO : EventManager : Event: ======'machine_var_audits_missing_switches_s_back_right_target'====== Args={'value': 46, 'prev_value': None, 'change': True}
2025-11-27 07:55:24,388 : INFO : EventManager : Event: ======'machine_var_audits_missing_switches_s_bottom_left_slingshot'====== Args={'value': 41, 'prev_value': None, 'change': True}
2025-11-27 07:55:24,388 : INFO : EventManager : Event: ======'machine_var_audits_missing_switches_s_bottom_right_slingshot'====== Args={'value': 43, 'prev_value': None, 'change': True}
2025-11-27 07:55:24,388 : INFO : EventManager : Event: ======'machine_var_audits_missing_switches_s_front_left_target'====== Args={'value': 53, 'prev_value': None, 'change': True}
2025-11-27 07:55:24,388 : INFO : EventManager : Event: ======'machine_var_audits_missing_switches_s_front_middle_target'====== Args={'value': 45, 'prev_value': None, 'change': True}
2025-11-27 07:55:24,388 : INFO : EventManager : Event: ======'machine_var_audits_missing_switches_s_front_right_target'====== Args={'value': 53, 'prev_value': None, 'change': True}
2025-11-27 07:55:24,388 : INFO : EventManager : Event: ======'machine_var_audits_missing_switches_s_lane_to_pop'====== Args={'value': 11, 'prev_value': None, 'change': True}
2025-11-27 07:55:24,388 : INFO : EventManager : Event: ======'machine_var_audits_missing_switches_s_left_flipper'====== Args={'value': 20, 'prev_value': None, 'change': True}
2025-11-27 07:55:24,388 : INFO : EventManager : Event: ======'machine_var_audits_missing_switches_s_left_inlane'====== Args={'value': 41, 'prev_value': None, 'change': True}
2025-11-27 07:55:24,388 : INFO : EventManager : Event: ======'machine_var_audits_missing_switches_s_left_orbit'====== Args={'value': 7, 'prev_value': None, 'change': True}
2025-11-27 07:55:24,388 : INFO : EventManager : Event: ======'machine_var_audits_missing_switches_s_left_outlane'====== Args={'value': 53, 'prev_value': None, 'change': True}
2025-11-27 07:55:24,388 : INFO : EventManager : Event: ======'machine_var_audits_missing_switches_s_pop_bumper'====== Args={'value': 41, 'prev_value': None, 'change': True}
2025-11-27 07:55:24,388 : INFO : EventManager : Event: ======'machine_var_audits_missing_switches_s_ramp'====== Args={'value': 19, 'prev_value': None, 'change': True}
2025-11-27 07:55:24,388 : INFO : EventManager : Event: ======'machine_var_audits_missing_switches_s_right_flipper'====== Args={'value': 20, 'prev_value': None, 'change': True}
2025-11-27 07:55:24,388 : INFO : EventManager : Event: ======'machine_var_audits_missing_switches_s_right_inlane'====== Args={'value': 5, 'prev_value': None, 'change': True}
2025-11-27 07:55:24,388 : INFO : EventManager : Event: ======'machine_var_audits_missing_switches_s_right_orbit'====== Args={'value': 10, 'prev_value': None, 'change': True}
2025-11-27 07:55:24,389 : INFO : EventManager : Event: ======'machine_var_audits_missing_switches_s_right_outlane'====== Args={'value': 53, 'prev_value': None, 'change': True}
2025-11-27 07:55:24,389 : INFO : EventManager : Event: ======'machine_var_audits_missing_switches_s_saucer'====== Args={'value': 18, 'prev_value': None, 'change': True}
2025-11-27 07:55:24,389 : INFO : EventManager : Event: ======'machine_var_audits_missing_switches_s_start'====== Args={'value': 33, 'prev_value': None, 'change': True}
2025-11-27 07:55:24,389 : INFO : EventManager : Event: ======'machine_var_audits_missing_switches_s_top_left_slingshot'====== Args={'value': 39, 'prev_value': None, 'change': True}
2025-11-27 07:55:24,389 : INFO : EventManager : Event: ======'machine_var_audits_missing_switches_s_top_right_slingshot'====== Args={'value': 41, 'prev_value': None, 'change': True}
2025-11-27 07:55:24,389 : INFO : EventManager : Event: ======'machine_var_audits_missing_switches_s_trough_1'====== Args={'value': 47, 'prev_value': None, 'change': True}
2025-11-27 07:55:24,389 : INFO : EventManager : Event: ======'machine_var_audits_missing_switches_s_trough_2'====== Args={'value': 71, 'prev_value': None, 'change': True}
2025-11-27 07:55:24,389 : INFO : EventManager : Event: ======'machine_var_audits_missing_switches_s_trough_3'====== Args={'value': 69, 'prev_value': None, 'change': True}
2025-11-27 07:55:24,389 : INFO : EventManager : Event: ======'machine_var_audits_player_score'====== Args={'value': {'average': 36284, 'top': [173500, 81940, 45000, 15000, 15000, 15000, 15000, 15000, 15000, 15000], 'total': 12}, 'prev_value': None, 'change': True}
2025-11-27 07:55:24,389 : INFO : EventManager : Event: ======'machine_var_audits_shots_back_left_target'====== Args={'value': 6, 'prev_value': None, 'change': True}
2025-11-27 07:55:24,389 : INFO : EventManager : Event: ======'machine_var_audits_shots_back_middle_right_target'====== Args={'value': 4, 'prev_value': None, 'change': True}
2025-11-27 07:55:24,389 : INFO : EventManager : Event: ======'machine_var_audits_shots_back_right_target'====== Args={'value': 2, 'prev_value': None, 'change': True}
2025-11-27 07:55:24,389 : INFO : EventManager : Event: ======'machine_var_audits_shots_bakc_middle_left_target'====== Args={'value': 3, 'prev_value': None, 'change': True}
2025-11-27 07:55:24,389 : INFO : EventManager : Event: ======'machine_var_audits_shots_bottom_left_slingshot'====== Args={'value': 1, 'prev_value': None, 'change': True}
2025-11-27 07:55:24,389 : INFO : EventManager : Event: ======'machine_var_audits_shots_front_left_target'====== Args={'value': 6, 'prev_value': None, 'change': True}
2025-11-27 07:55:24,389 : INFO : EventManager : Event: ======'machine_var_audits_shots_front_middle_target'====== Args={'value': 7, 'prev_value': None, 'change': True}
2025-11-27 07:55:24,389 : INFO : EventManager : Event: ======'machine_var_audits_shots_front_right_target'====== Args={'value': 6, 'prev_value': None, 'change': True}
2025-11-27 07:55:24,389 : INFO : EventManager : Event: ======'machine_var_audits_shots_lane_to_pop'====== Args={'value': 87, 'prev_value': None, 'change': True}
2025-11-27 07:55:24,389 : INFO : EventManager : Event: ======'machine_var_audits_shots_left_inlane'====== Args={'value': 7, 'prev_value': None, 'change': True}
2025-11-27 07:55:24,389 : INFO : EventManager : Event: ======'machine_var_audits_shots_left_orbit'====== Args={'value': 108, 'prev_value': None, 'change': True}
2025-11-27 07:55:24,389 : INFO : EventManager : Event: ======'machine_var_audits_shots_left_orbit_travel_dirtmouth_to_frogotten_crossroads'====== Args={'value': 22, 'prev_value': None, 'change': True}
2025-11-27 07:55:24,389 : INFO : EventManager : Event: ======'machine_var_audits_shots_left_outlane'====== Args={'value': 5, 'prev_value': None, 'change': True}
2025-11-27 07:55:24,389 : INFO : EventManager : Event: ======'machine_var_audits_shots_pop_bumper'====== Args={'value': 23, 'prev_value': None, 'change': True}
2025-11-27 07:55:24,389 : INFO : EventManager : Event: ======'machine_var_audits_shots_ramp'====== Args={'value': 71, 'prev_value': None, 'change': True}
2025-11-27 07:55:24,389 : INFO : EventManager : Event: ======'machine_var_audits_shots_ramp_travel_dirtmouth_to_frogotten_crossroads'====== Args={'value': 3, 'prev_value': None, 'change': True}
2025-11-27 07:55:24,389 : INFO : EventManager : Event: ======'machine_var_audits_shots_right_inlane'====== Args={'value': 14, 'prev_value': None, 'change': True}
2025-11-27 07:55:24,389 : INFO : EventManager : Event: ======'machine_var_audits_shots_right_orbit'====== Args={'value': 246, 'prev_value': None, 'change': True}
2025-11-27 07:55:24,389 : INFO : EventManager : Event: ======'machine_var_audits_shots_right_orbit_travel_dirtmouth_to_frogotten_crossroads'====== Args={'value': 27, 'prev_value': None, 'change': True}
2025-11-27 07:55:24,389 : INFO : EventManager : Event: ======'machine_var_audits_shots_right_outlane'====== Args={'value': 12, 'prev_value': None, 'change': True}
2025-11-27 07:55:24,389 : INFO : EventManager : Event: ======'machine_var_audits_shots_saucer'====== Args={'value': 31, 'prev_value': None, 'change': True}
2025-11-27 07:55:24,389 : INFO : EventManager : Event: ======'machine_var_audits_shots_saucer_dirtmouth'====== Args={'value': 16, 'prev_value': None, 'change': True}
2025-11-27 07:55:24,389 : INFO : EventManager : Event: ======'machine_var_audits_shots_top_left_slingshot'====== Args={'value': 1, 'prev_value': None, 'change': True}
2025-11-27 07:55:24,389 : INFO : EventManager : Event: ======'machine_var_audits_shots_top_right_slingshot'====== Args={'value': 6, 'prev_value': None, 'change': True}
2025-11-27 07:55:24,389 : INFO : EventManager : Event: ======'machine_var_audits_shots_vuk'====== Args={'value': 167, 'prev_value': None, 'change': True}
2025-11-27 07:55:24,389 : INFO : EventManager : Event: ======'machine_var_audits_shots_vuk_dirtmouth'====== Args={'value': 88, 'prev_value': None, 'change': True}
2025-11-27 07:55:24,389 : INFO : EventManager : Event: ======'machine_var_audits_switches_s_back_left_target'====== Args={'value': 6, 'prev_value': None, 'change': True}
2025-11-27 07:55:24,389 : INFO : EventManager : Event: ======'machine_var_audits_switches_s_back_middle_left_target'====== Args={'value': 4, 'prev_value': None, 'change': True}
2025-11-27 07:55:24,389 : INFO : EventManager : Event: ======'machine_var_audits_switches_s_back_middle_right_target'====== Args={'value': 5, 'prev_value': None, 'change': True}
2025-11-27 07:55:24,389 : INFO : EventManager : Event: ======'machine_var_audits_switches_s_back_right_target'====== Args={'value': 3, 'prev_value': None, 'change': True}
2025-11-27 07:55:24,389 : INFO : EventManager : Event: ======'machine_var_audits_switches_s_bottom_left_slingshot'====== Args={'value': 27, 'prev_value': None, 'change': True}
2025-11-27 07:55:24,389 : INFO : EventManager : Event: ======'machine_var_audits_switches_s_bottom_right_slingshot'====== Args={'value': 26, 'prev_value': None, 'change': True}
2025-11-27 07:55:24,389 : INFO : EventManager : Event: ======'machine_var_audits_switches_s_front_left_target'====== Args={'value': 6, 'prev_value': None, 'change': True}
2025-11-27 07:55:24,389 : INFO : EventManager : Event: ======'machine_var_audits_switches_s_front_middle_target'====== Args={'value': 8, 'prev_value': None, 'change': True}
2025-11-27 07:55:24,389 : INFO : EventManager : Event: ======'machine_var_audits_switches_s_front_right_target'====== Args={'value': 7, 'prev_value': None, 'change': True}
2025-11-27 07:55:24,389 : INFO : EventManager : Event: ======'machine_var_audits_switches_s_lane_to_pop'====== Args={'value': 89, 'prev_value': None, 'change': True}
2025-11-27 07:55:24,389 : INFO : EventManager : Event: ======'machine_var_audits_switches_s_left_flipper'====== Args={'value': 1, 'prev_value': None, 'change': True}
2025-11-27 07:55:24,389 : INFO : EventManager : Event: ======'machine_var_audits_switches_s_left_inlane'====== Args={'value': 8, 'prev_value': None, 'change': True}
2025-11-27 07:55:24,389 : INFO : EventManager : Event: ======'machine_var_audits_switches_s_left_orbit'====== Args={'value': 110, 'prev_value': None, 'change': True}
2025-11-27 07:55:24,389 : INFO : EventManager : Event: ======'machine_var_audits_switches_s_left_outlane'====== Args={'value': 6, 'prev_value': None, 'change': True}
2025-11-27 07:55:24,389 : INFO : EventManager : Event: ======'machine_var_audits_switches_s_plunger_lane'====== Args={'value': 261, 'prev_value': None, 'change': True}
2025-11-27 07:55:24,389 : INFO : EventManager : Event: ======'machine_var_audits_switches_s_pop_bumper'====== Args={'value': 23, 'prev_value': None, 'change': True}
2025-11-27 07:55:24,389 : INFO : EventManager : Event: ======'machine_var_audits_switches_s_ramp'====== Args={'value': 73, 'prev_value': None, 'change': True}
2025-11-27 07:55:24,389 : INFO : EventManager : Event: ======'machine_var_audits_switches_s_right_flipper'====== Args={'value': 5, 'prev_value': None, 'change': True}
2025-11-27 07:55:24,389 : INFO : EventManager : Event: ======'machine_var_audits_switches_s_right_inlane'====== Args={'value': 15, 'prev_value': None, 'change': True}
2025-11-27 07:55:24,389 : INFO : EventManager : Event: ======'machine_var_audits_switches_s_right_orbit'====== Args={'value': 280, 'prev_value': None, 'change': True}
2025-11-27 07:55:24,389 : INFO : EventManager : Event: ======'machine_var_audits_switches_s_right_outlane'====== Args={'value': 13, 'prev_value': None, 'change': True}
2025-11-27 07:55:24,389 : INFO : EventManager : Event: ======'machine_var_audits_switches_s_saucer'====== Args={'value': 38, 'prev_value': None, 'change': True}
2025-11-27 07:55:24,389 : INFO : EventManager : Event: ======'machine_var_audits_switches_s_start'====== Args={'value': 43, 'prev_value': None, 'change': True}
2025-11-27 07:55:24,389 : INFO : EventManager : Event: ======'machine_var_audits_switches_s_top_left_slingshot'====== Args={'value': 22, 'prev_value': None, 'change': True}
2025-11-27 07:55:24,389 : INFO : EventManager : Event: ======'machine_var_audits_switches_s_top_right_slingshot'====== Args={'value': 25, 'prev_value': None, 'change': True}
2025-11-27 07:55:24,389 : INFO : EventManager : Event: ======'machine_var_audits_switches_s_trough_1'====== Args={'value': 68, 'prev_value': None, 'change': True}
2025-11-27 07:55:24,389 : INFO : EventManager : Event: ======'machine_var_audits_switches_s_trough_2'====== Args={'value': 9, 'prev_value': None, 'change': True}
2025-11-27 07:55:24,389 : INFO : EventManager : Event: ======'machine_var_audits_switches_s_trough_3'====== Args={'value': 52, 'prev_value': None, 'change': True}
2025-11-27 07:55:24,389 : INFO : EventManager : Event: ======'machine_var_audits_switches_s_vuk'====== Args={'value': 184, 'prev_value': None, 'change': True}
2025-11-27 07:55:24,390 : INFO : EventManager : Event: ======'init_phase_5'====== Args={}
2025-11-27 07:55:24,390 : INFO : EventManager : Event: ======'init_done'====== Args={}
2025-11-27 07:55:24,390 : INFO : Machine : Starting the main run loop with active modes: []
2025-11-27 07:55:24,390 : WARNING : Machine : Attract mode is not active, game will not be playable. Please check your attract mode configuration.
2025-11-27 07:55:24,390 : INFO : Machine : Shutting down...
2025-11-27 07:55:24,390 : INFO : EventManager : Event: ======'shutdown'====== Args={}
2025-11-27 07:55:24,390 : INFO : EventManager : Event: ======'machine_reset_phase_1'====== Args={}
2025-11-27 07:55:24,390 : INFO : EventManager : Event: ======'machine_reset_phase_2'====== Args={}
2025-11-27 07:55:24,390 : INFO : EventManager : Event: ======'machine_reset_phase_3'====== Args={}
2025-11-27 07:55:24,390 : INFO : EventManager : Event: ======'reset_complete'====== Args={}
2025-11-27 07:55:24,391 : INFO : EventManager : Event: ======'mode_attract_will_start'====== Args={}
2025-11-27 07:55:24,391 : INFO : Timer.attract_carousel_timer : Starting Timer.
2025-11-27 07:55:24,391 : INFO : EventManager : Event: ======'timer_attract_carousel_timer_started'====== Args={'ticks': 0, 'ticks_remaining': 1}
2025-11-27 07:55:24,391 : INFO : EventManager : Event: ======'timer_attract_carousel_timer_tick'====== Args={'ticks': 0, 'ticks_remaining': 1}
2025-11-27 07:55:24,391 : INFO : EventManager : Event: ======'mode_attract_starting'====== Args={}
2025-11-27 07:55:24,391 : INFO : Mode.attract : Will not start because machine is shutting down.
2025-11-27 07:55:24,391 : ERROR : Machine : Runtime Exception
Traceback (most recent call last):
  File "/Users/samhughes/mpf/lib/python3.13/site-packages/mpf/core/bcp/bcp_server.py", line 26, in start
    self._server = await self.machine.clock.start_server(
                   ^^^^^^^^^^^^^^^^^^^^^^^^^^^^^^^^^^^^^^
        self._accept_client, self._ip, self._port)
        ^^^^^^^^^^^^^^^^^^^^^^^^^^^^^^^^^^^^^^^^^^
  File "/Library/Frameworks/Python.framework/Versions/3.13/lib/python3.13/asyncio/streams.py", line 84, in start_server
    return await loop.create_server(factory, host, port, **kwds)
           ^^^^^^^^^^^^^^^^^^^^^^^^^^^^^^^^^^^^^^^^^^^^^^^^^^^^^
  File "/Library/Frameworks/Python.framework/Versions/3.13/lib/python3.13/asyncio/base_events.py", line 1622, in create_server
    raise OSError(err.errno, msg) from None
OSError: [Errno 48] error while attempting to bind on address ('127.0.0.1', 5051): [errno 48] address already in use

The above exception was the direct cause of the following exception:

Traceback (most recent call last):
  File "/Users/samhughes/mpf/lib/python3.13/site-packages/mpf/core/machine.py", line 810, in _run_loop
    raise self._exception['exception']
  File "/Users/samhughes/mpf/lib/python3.13/site-packages/mpf/core/bcp/bcp_server.py", line 29, in start
    raise MpfRuntimeError("Failed to bind BCP Socket to {} on port {}. "
                          "Is there another application running on that port?".format(self._ip, self._port), 1,
                          "MPF BCP Server") from e
mpf.exceptions.runtime_error.MpfRuntimeError: Runtime Error in MPF BCP Server: Failed to bind BCP Socket to 127.0.0.1 on port 5051. Is there another application running on that port? Error Code: RE-MPF_BCP_Server-1 (https://missionpinball.org/logs)
2025-11-27 07:55:24,392 : INFO : root : MPF run loop ended.
